<?xml version="1.0" encoding="UTF-8"?>
<testng-results skipped="0" failed="0" ignored="0" total="1" passed="1">
  <reporter-output>
  </reporter-output>
  <suite name="Default suite" duration-ms="11586" started-at="2021-07-09T08:39:30 IST" finished-at="2021-07-09T08:39:41 IST">
    <groups>
    </groups>
    <test name="Default test" duration-ms="11586" started-at="2021-07-09T08:39:30 IST" finished-at="2021-07-09T08:39:41 IST">
      <class name="randomTestPack.Login">
        <test-method status="PASS" signature="LoginTC()[pri:0, instance:randomTestPack.Login@29b5cd00]" name="LoginTC" duration-ms="11512" started-at="2021-07-09T08:39:30 IST" finished-at="2021-07-09T08:39:41 IST">
          <reporter-output>
          </reporter-output>
        </test-method> <!-- LoginTC -->
      </class> <!-- randomTestPack.Login -->
    </test> <!-- Default test -->
  </suite> <!-- Default suite -->
</testng-results>
