<?xml version="1.0" encoding="UTF-8"?>
<testng-results skipped="0" failed="0" ignored="1" total="2" passed="1">
  <reporter-output>
  </reporter-output>
  <suite name="Default suite" duration-ms="6413" started-at="2021-07-06T15:34:15 IST" finished-at="2021-07-06T15:34:21 IST">
    <groups>
    </groups>
    <test name="Default test" duration-ms="6413" started-at="2021-07-06T15:34:15 IST" finished-at="2021-07-06T15:34:21 IST">
      <class name="randomTestPack.ChildClass">
        <test-method status="PASS" signature="Child_Login()[pri:0, instance:randomTestPack.ChildClass@23d2a7e8]" name="Child_Login" duration-ms="6375" started-at="2021-07-06T15:34:15 IST" finished-at="2021-07-06T15:34:21 IST">
          <reporter-output>
          </reporter-output>
        </test-method> <!-- Child_Login -->
      </class> <!-- randomTestPack.ChildClass -->
    </test> <!-- Default test -->
  </suite> <!-- Default suite -->
</testng-results>
